# JRE version: Java(TM) SE Runtime Environment (8.0_241-b07) (build 1.8.0_241-b07)
# Java VM: Java HotSpot(TM) 64-Bit Server VM (25.241-b07 mixed mode windows-amd64 compressed oops)
Heap:
 PSYoungGen      total 215040K, used 65774K [0x00000000d5f00000, 0x00000000e4600000, 0x0000000100000000)
  eden space 203776K, 26% used [0x00000000d5f00000,0x00000000d943f7e8,0x00000000e2600000)
  from space 11264K, 99% used [0x00000000e3b00000,0x00000000e45fc340,0x00000000e4600000)
  to   space 14336K, 0% used [0x00000000e2a00000,0x00000000e2a00000,0x00000000e3800000)
 ParOldGen       total 68608K, used 14076K [0x0000000081c00000, 0x0000000085f00000, 0x00000000d5f00000)
  object space 68608K, 20% used [0x0000000081c00000,0x00000000829bf068,0x0000000085f00000)
 Metaspace       used 51082K, capacity 52670K, committed 53120K, reserved 1095680K
  class space    used 7143K, capacity 7445K, committed 7552K, reserved 1048576K
GC Heap History (10 events):
Event: 4.355 GC heap before
{Heap before GC invocations=6 (full 1):
 PSYoungGen      total 71680K, used 5097K [0x00000000d5f00000, 0x00000000df400000, 0x0000000100000000)
  eden space 66560K, 0% used [0x00000000d5f00000,0x00000000d5f00000,0x00000000da000000)
  from space 5120K, 99% used [0x00000000da000000,0x00000000da4fa740,0x00000000da500000)
  to   space 9728K, 0% used [0x00000000dea80000,0x00000000dea80000,0x00000000df400000)
 ParOldGen       total 87552K, used 4805K [0x0000000081c00000, 0x0000000087180000, 0x00000000d5f00000)
  object space 87552K, 5% used [0x0000000081c00000,0x00000000820b14d8,0x0000000087180000)
 Metaspace       used 20357K, capacity 21086K, committed 21248K, reserved 1067008K
  class space    used 2604K, capacity 2793K, committed 2816K, reserved 1048576K
Event: 4.393 GC heap after
Heap after GC invocations=6 (full 1):
 PSYoungGen      total 71680K, used 0K [0x00000000d5f00000, 0x00000000df400000, 0x0000000100000000)
  eden space 66560K, 0% used [0x00000000d5f00000,0x00000000d5f00000,0x00000000da000000)
  from space 5120K, 0% used [0x00000000da000000,0x00000000da000000,0x00000000da500000)
  to   space 9728K, 0% used [0x00000000dea80000,0x00000000dea80000,0x00000000df400000)
 ParOldGen       total 52224K, used 9583K [0x0000000081c00000, 0x0000000084f00000, 0x00000000d5f00000)
  object space 52224K, 18% used [0x0000000081c00000,0x000000008255bdf0,0x0000000084f00000)
 Metaspace       used 20357K, capacity 21086K, committed 21248K, reserved 1067008K
  class space    used 2604K, capacity 2793K, committed 2816K, reserved 1048576K
}
Event: 5.591 GC heap before
{Heap before GC invocations=7 (full 1):
 PSYoungGen      total 71680K, used 66560K [0x00000000d5f00000, 0x00000000df400000, 0x0000000100000000)
  eden space 66560K, 100% used [0x00000000d5f00000,0x00000000da000000,0x00000000da000000)
  from space 5120K, 0% used [0x00000000da000000,0x00000000da000000,0x00000000da500000)
  to   space 9728K, 0% used [0x00000000dea80000,0x00000000dea80000,0x00000000df400000)
 ParOldGen       total 52224K, used 9583K [0x0000000081c00000, 0x0000000084f00000, 0x00000000d5f00000)
  object space 52224K, 18% used [0x0000000081c00000,0x000000008255bdf0,0x0000000084f00000)
 Metaspace       used 30327K, capacity 31264K, committed 31744K, reserved 1077248K
  class space    used 4068K, capacity 4276K, committed 4352K, reserved 1048576K
Event: 5.603 GC heap after
Heap after GC invocations=7 (full 1):
 PSYoungGen      total 130048K, used 9532K [0x00000000d5f00000, 0x00000000df400000, 0x0000000100000000)
  eden space 120320K, 0% used [0x00000000d5f00000,0x00000000d5f00000,0x00000000dd480000)
  from space 9728K, 97% used [0x00000000dea80000,0x00000000df3cf380,0x00000000df400000)
  to   space 11264K, 0% used [0x00000000dde00000,0x00000000dde00000,0x00000000de900000)
 ParOldGen       total 52224K, used 9591K [0x0000000081c00000, 0x0000000084f00000, 0x00000000d5f00000)
  object space 52224K, 18% used [0x0000000081c00000,0x000000008255ddf0,0x0000000084f00000)
 Metaspace       used 30327K, capacity 31264K, committed 31744K, reserved 1077248K
  class space    used 4068K, capacity 4276K, committed 4352K, reserved 1048576K
}
Event: 6.091 GC heap before
{Heap before GC invocations=8 (full 1):
 PSYoungGen      total 130048K, used 45532K [0x00000000d5f00000, 0x00000000df400000, 0x0000000100000000)
  eden space 120320K, 29% used [0x00000000d5f00000,0x00000000d8227e90,0x00000000dd480000)
  from space 9728K, 97% used [0x00000000dea80000,0x00000000df3cf380,0x00000000df400000)
  to   space 11264K, 0% used [0x00000000dde00000,0x00000000dde00000,0x00000000de900000)
 ParOldGen       total 52224K, used 9591K [0x0000000081c00000, 0x0000000084f00000, 0x00000000d5f00000)
  object space 52224K, 18% used [0x0000000081c00000,0x000000008255ddf0,0x0000000084f00000)
 Metaspace       used 34243K, capacity 35238K, committed 35416K, reserved 1079296K
  class space    used 4607K, capacity 4859K, committed 4864K, reserved 1048576K
Event: 6.099 GC heap after
Heap after GC invocations=8 (full 1):
 PSYoungGen      total 141312K, used 6756K [0x00000000d5f00000, 0x00000000e4600000, 0x0000000100000000)
  eden space 130048K, 0% used [0x00000000d5f00000,0x00000000d5f00000,0x00000000dde00000)
  from space 11264K, 59% used [0x00000000dde00000,0x00000000de4990f8,0x00000000de900000)
  to   space 11264K, 0% used [0x00000000e3b00000,0x00000000e3b00000,0x00000000e4600000)
 ParOldGen       total 52224K, used 9599K [0x0000000081c00000, 0x0000000084f00000, 0x00000000d5f00000)
  object space 52224K, 18% used [0x0000000081c00000,0x000000008255fdf0,0x0000000084f00000)
 Metaspace       used 34243K, capacity 35238K, committed 35416K, reserved 1079296K
  class space    used 4607K, capacity 4859K, committed 4864K, reserved 1048576K
}
Event: 6.099 GC heap before
{Heap before GC invocations=9 (full 2):
 PSYoungGen      total 141312K, used 6756K [0x00000000d5f00000, 0x00000000e4600000, 0x0000000100000000)
  eden space 130048K, 0% used [0x00000000d5f00000,0x00000000d5f00000,0x00000000dde00000)
  from space 11264K, 59% used [0x00000000dde00000,0x00000000de4990f8,0x00000000de900000)
  to   space 11264K, 0% used [0x00000000e3b00000,0x00000000e3b00000,0x00000000e4600000)
 ParOldGen       total 52224K, used 9599K [0x0000000081c00000, 0x0000000084f00000, 0x00000000d5f00000)
  object space 52224K, 18% used [0x0000000081c00000,0x000000008255fdf0,0x0000000084f00000)
 Metaspace       used 34243K, capacity 35238K, committed 35416K, reserved 1079296K
  class space    used 4607K, capacity 4859K, committed 4864K, reserved 1048576K
Event: 6.149 GC heap after
Heap after GC invocations=9 (full 2):
 PSYoungGen      total 141312K, used 0K [0x00000000d5f00000, 0x00000000e4600000, 0x0000000100000000)
  eden space 130048K, 0% used [0x00000000d5f00000,0x00000000d5f00000,0x00000000dde00000)
  from space 11264K, 0% used [0x00000000dde00000,0x00000000dde00000,0x00000000de900000)
  to   space 11264K, 0% used [0x00000000e3b00000,0x00000000e3b00000,0x00000000e4600000)
 ParOldGen       total 68608K, used 11682K [0x0000000081c00000, 0x0000000085f00000, 0x00000000d5f00000)
  object space 68608K, 17% used [0x0000000081c00000,0x0000000082768ab0,0x0000000085f00000)
 Metaspace       used 34243K, capacity 35238K, committed 35416K, reserved 1079296K
  class space    used 4607K, capacity 4859K, committed 4864K, reserved 1048576K
}
Event: 8.235 GC heap before
{Heap before GC invocations=10 (full 2):
 PSYoungGen      total 141312K, used 130048K [0x00000000d5f00000, 0x00000000e4600000, 0x0000000100000000)
  eden space 130048K, 100% used [0x00000000d5f00000,0x00000000dde00000,0x00000000dde00000)
  from space 11264K, 0% used [0x00000000dde00000,0x00000000dde00000,0x00000000de900000)
  to   space 11264K, 0% used [0x00000000e3b00000,0x00000000e3b00000,0x00000000e4600000)
 ParOldGen       total 68608K, used 11682K [0x0000000081c00000, 0x0000000085f00000, 0x00000000d5f00000)
  object space 68608K, 17% used [0x0000000081c00000,0x0000000082768ab0,0x0000000085f00000)
 Metaspace       used 46959K, capacity 48302K, committed 48512K, reserved 1091584K
  class space    used 6455K, capacity 6731K, committed 6784K, reserved 1048576K
Event: 8.247 GC heap after
Heap after GC invocations=10 (full 2):
 PSYoungGen      total 215040K, used 11248K [0x00000000d5f00000, 0x00000000e4600000, 0x0000000100000000)
  eden space 203776K, 0% used [0x00000000d5f00000,0x00000000d5f00000,0x00000000e2600000)
  from space 11264K, 99% used [0x00000000e3b00000,0x00000000e45fc340,0x00000000e4600000)
  to   space 14336K, 0% used [0x00000000e2a00000,0x00000000e2a00000,0x00000000e3800000)
 ParOldGen       total 68608K, used 14076K [0x0000000081c00000, 0x0000000085f00000, 0x00000000d5f00000)
  object space 68608K, 20% used [0x0000000081c00000,0x00000000829bf068,0x0000000085f00000)
 Metaspace       used 46959K, capacity 48302K, committed 48512K, reserved 1091584K
  class space    used 6455K, capacity 6731K, committed 6784K, reserved 1048576K
}

